<?xml version="1.0" encoding="UTF-8"?>
<!-- Generated by org.testng.reporters.JUnitReportReporter -->
<testsuite skipped="0" hostname="IBM-Testing01" name="TestCase4" tests="1" failures="0" timestamp="27 Dec 2019 08:25:43 GMT" time="5.722" errors="0">
  <testcase name="Test" time="5.722" classname="TestCase4"/>
</testsuite> <!-- TestCase4 -->
