<?xml version="1.0" encoding="UTF-8"?>
<!-- Generated by org.testng.reporters.JUnitReportReporter -->
<testsuite skipped="0" hostname="IBM-Testing01" name="TestCase6" tests="2" failures="0" timestamp="27 Dec 2019 10:36:08 GMT" time="0.791" errors="0">
  <testcase name="Test" time="0.751" classname="TestCase6"/>
  <testcase name="personal" time="0.040" classname="TestCase6"/>
</testsuite> <!-- TestCase6 -->
