<?xml version="1.0" encoding="UTF-8"?>
<!-- Generated by org.testng.reporters.JUnitReportReporter -->
<testsuite skipped="0" hostname="IBM-Testing01" name="Testcase1" tests="1" failures="0" timestamp="27 Dec 2019 04:27:03 GMT" time="0.167" errors="0">
  <testcase name="Test" time="0.167" classname="Testcase1"/>
</testsuite> <!-- Testcase1 -->
