<?xml version="1.0" encoding="UTF-8"?>
<!-- Generated by org.testng.reporters.JUnitReportReporter -->
<testsuite skipped="0" hostname="IBM-Testing01" name="TestCase2" tests="1" failures="0" timestamp="27 Dec 2019 09:20:54 GMT" time="7.842" errors="0">
  <testcase name="Test" time="7.842" classname="TestCase2"/>
</testsuite> <!-- TestCase2 -->
