<?xml version="1.0" encoding="UTF-8"?>
<!-- Generated by org.testng.reporters.JUnitReportReporter -->
<testsuite skipped="0" hostname="IBM-Testing01" name="TestCase5" tests="1" failures="0" timestamp="27 Dec 2019 09:10:58 GMT" time="5.343" errors="0">
  <testcase name="Test" time="5.343" classname="TestCase5"/>
</testsuite> <!-- TestCase5 -->
